<?xml version="1.0" encoding="UTF-8" ?>
<testsuite failures="0" time="0" errors="0" skipped="0" tests="1" name="org.treebase.oai.web.command.IdentifyTest">
  <properties>
    <property name="java.vendor" value="Sun Microsystems Inc."/>
    <property name="localRepository" value="C:\Documents and Settings\youjun\.m2\repository"/>
    <property name="sun.java.launcher" value="SUN_STANDARD"/>
    <property name="sun.management.compiler" value="HotSpot Client Compiler"/>
    <property name="env.PROMPT" value="$P$G"/>
    <property name="os.name" value="Windows XP"/>
    <property name="env.FP_NO_HOST_CHECK" value="NO"/>
    <property name="sun.boot.class.path" value="C:\Program Files\Java\SDK\jdk\jre\lib\resources.jar;C:\Program Files\Java\SDK\jdk\jre\lib\rt.jar;C:\Program Files\Java\SDK\jdk\jre\lib\sunrsasign.jar;C:\Program Files\Java\SDK\jdk\jre\lib\jsse.jar;C:\Program Files\Java\SDK\jdk\jre\lib\jce.jar;C:\Program Files\Java\SDK\jdk\jre\lib\charsets.jar;C:\Program Files\Java\SDK\jdk\jre\classes"/>
    <property name="env.COMPUTERNAME" value="NEWDELL"/>
    <property name="env.ALLUSERSPROFILE" value="C:\Documents and Settings\All Users"/>
    <property name="sun.desktop" value="windows"/>
    <property name="java.vm.specification.vendor" value="Sun Microsystems Inc."/>
    <property name="java.runtime.version" value="1.6.0_13-b03"/>
    <property name="env.HOMEPATH" value="\Documents and Settings\youjun"/>
    <property name="user.name" value="youjun"/>
    <property name="user.language" value="en"/>
    <property name="sun.boot.library.path" value="C:\Program Files\Java\SDK\jdk\jre\bin"/>
    <property name="classworlds.conf" value="C:\Documents and Settings\youjun\workspace\.metadata\.plugins\org.maven.ide.eclipse\launches\m2conf1208425064661956248.tmp"/>
    <property name="java.version" value="1.6.0_13"/>
    <property name="env.PROCESSOR_IDENTIFIER" value="x86 Family 6 Model 23 Stepping 6, GenuineIntel"/>
    <property name="user.timezone" value="America/New_York"/>
    <property name="env.TEMP" value="C:\DOCUME~1\youjun\LOCALS~1\Temp"/>
    <property name="sun.arch.data.model" value="32"/>
    <property name="java.endorsed.dirs" value="C:\Program Files\Java\SDK\jdk\jre\lib\endorsed"/>
    <property name="sun.cpu.isalist" value="pentium_pro+mmx pentium_pro pentium+mmx pentium i486 i386 i86"/>
    <property name="env.HOMEDRIVE" value="C:"/>
    <property name="sun.jnu.encoding" value="GBK"/>
    <property name="file.encoding.pkg" value="sun.io"/>
    <property name="file.separator" value="\"/>
    <property name="java.specification.name" value="Java Platform API Specification"/>
    <property name="java.class.version" value="50.0"/>
    <property name="user.country" value="US"/>
    <property name="java.home" value="C:\Program Files\Java\SDK\jdk\jre"/>
    <property name="env.APPDATA" value="C:\Documents and Settings\youjun\Application Data"/>
    <property name="java.vm.info" value="mixed mode"/>
    <property name="env.ComSpec" value="C:\WINDOWS\system32\cmd.exe"/>
    <property name="env.OS" value="Windows_NT"/>
    <property name="env.CommonProgramFiles" value="C:\Program Files\Common Files"/>
    <property name="os.version" value="5.1"/>
    <property name="path.separator" value=";"/>
    <property name="java.vm.version" value="11.3-b02"/>
    <property name="user.variant" value=""/>
    <property name="env.USERPROFILE" value="C:\Documents and Settings\youjun"/>
    <property name="java.awt.printerjob" value="sun.awt.windows.WPrinterJob"/>
    <property name="env.TMP" value="C:\DOCUME~1\youjun\LOCALS~1\Temp"/>
    <property name="sun.io.unicode.encoding" value="UnicodeLittle"/>
    <property name="awt.toolkit" value="sun.awt.windows.WToolkit"/>
    <property name="user.home" value="C:\Documents and Settings\youjun"/>
    <property name="env.SESSIONNAME" value="Console"/>
    <property name="java.specification.vendor" value="Sun Microsystems Inc."/>
    <property name="env.RoxioCentral" value="C:\Program Files\Common Files\Roxio Shared\9.0\Roxio Central33\"/>
    <property name="env.NUMBER_OF_PROCESSORS" value="2"/>
    <property name="java.library.path" value="C:\Program Files\Java\SDK\jdk\jre\bin;.;C:\WINDOWS\Sun\Java\bin;C:\WINDOWS\system32;C:\WINDOWS;C:\WINDOWS\system32;C:\WINDOWS;C:\WINDOWS\System32\Wbem;C:\Program Files\ATI Technologies\ATI.ACE\;C:\Program Files\Common Files\Roxio Shared\DLLShared\;C:\Program Files\Common Files\Roxio Shared\9.0\DLLShared\;C:\Program Files\Common Files\Adobe\AGL;C:\Program Files\MySQL\MySQL Server 5.0\bin;C:\Program Files\TortoiseSVN\bin;C:\Program Files\Java\SDK\bin"/>
    <property name="java.vendor.url" value="http://java.sun.com/"/>
    <property name="java.vm.vendor" value="Sun Microsystems Inc."/>
    <property name="maven.home" value="EMBEDDED"/>
    <property name="java.runtime.name" value="Java(TM) SE Runtime Environment"/>
    <property name="java.class.path" value="/C:/eclipse/plugins/org.maven.ide.components.maven_embedder_2.1.0.20080530-2300/jars/plexus-classworlds-1.2-alpha-12.jar"/>
    <property name="java.vm.specification.name" value="Java Virtual Machine Specification"/>
    <property name="env.LOGONSERVER" value="\\NEWDELL"/>
    <property name="env.windir" value="C:\WINDOWS"/>
    <property name="java.vm.specification.version" value="1.0"/>
    <property name="env.PROCESSOR_ARCHITECTURE" value="x86"/>
    <property name="sun.cpu.endian" value="little"/>
    <property name="sun.os.patch.level" value="Service Pack 3"/>
    <property name="surefire.test.class.path" value="C:\Documents and Settings\youjun\workspace\oai-pmh_data_provider\data_provider_web\target\test-classes;C:\Documents and Settings\youjun\workspace\oai-pmh_data_provider\data_provider_web\target\classes;C:\Documents and Settings\youjun\.m2\repository\org\springframework\spring\2.0.7\spring-2.0.7.jar;C:\Documents and Settings\youjun\.m2\repository\commons-logging\commons-logging\1.1\commons-logging-1.1.jar;C:\Documents and Settings\youjun\.m2\repository\log4j\log4j\1.2.13\log4j-1.2.13.jar;C:\Documents and Settings\youjun\.m2\repository\logkit\logkit\1.0.1\logkit-1.0.1.jar;C:\Documents and Settings\youjun\.m2\repository\avalon-framework\avalon-framework\4.1.3\avalon-framework-4.1.3.jar;C:\Documents and Settings\youjun\.m2\repository\javax\servlet\servlet-api\2.4\servlet-api-2.4.jar;C:\Documents and Settings\youjun\.m2\repository\org\springframework\spring-mock\2.0.7\spring-mock-2.0.7.jar;C:\Documents and Settings\youjun\.m2\repository\junit\junit\3.8.1\junit-3.8.1.jar;C:\Documents and Settings\youjun\.m2\repository\javax\servlet\jstl\1.1.2\jstl-1.1.2.jar;C:\Documents and Settings\youjun\.m2\repository\javax\mail\mail\1.4\mail-1.4.jar;C:\Documents and Settings\youjun\.m2\repository\javax\activation\activation\1.1\activation-1.1.jar;C:\Documents and Settings\youjun\.m2\repository\xalan\xalan\2.7.0\xalan-2.7.0.jar;C:\Documents and Settings\youjun\.m2\repository\xml-apis\xml-apis\1.0.b2\xml-apis-1.0.b2.jar;C:\Documents and Settings\youjun\.m2\repository\commons-beanutils\commons-beanutils\1.7.0\commons-beanutils-1.7.0.jar;C:\Documents and Settings\youjun\.m2\repository\commons-validator\commons-validator\1.1.4\commons-validator-1.1.4.jar;C:\Documents and Settings\youjun\.m2\repository\commons-lang\commons-lang\2.3\commons-lang-2.3.jar;C:\Documents and Settings\youjun\.m2\repository\taglibs\standard\1.1.2\standard-1.1.2.jar;C:\Documents and Settings\youjun\.m2\repository\taglibs\string\1.1.0\string-1.1.0.jar;C:\Documents and Settings\youjun\.m2\repository\struts\struts\1.2.9\struts-1.2.9.jar;C:\Documents and Settings\youjun\.m2\repository\opensymphony\sitemesh\2.3\sitemesh-2.3.jar;C:\Documents and Settings\youjun\.m2\repository\displaytag\displaytag\1.1.1\displaytag-1.1.1.jar;C:\Documents and Settings\youjun\.m2\repository\commons-collections\commons-collections\3.1\commons-collections-3.1.jar;C:\Documents and Settings\youjun\.m2\repository\com\lowagie\itext\1.3\itext-1.3.jar;C:\Documents and Settings\youjun\.m2\repository\org\slf4j\jcl104-over-slf4j\1.4.2\jcl104-over-slf4j-1.4.2.jar;C:\Documents and Settings\youjun\.m2\repository\org\slf4j\slf4j-log4j12\1.4.2\slf4j-log4j12-1.4.2.jar;C:\Documents and Settings\youjun\.m2\repository\org\slf4j\slf4j-api\1.4.2\slf4j-api-1.4.2.jar;C:\Documents and Settings\youjun\.m2\repository\struts-menu\struts-menu\2.3\struts-menu-2.3.jar;C:\Documents and Settings\youjun\.m2\repository\commons-digester\commons-digester\1.5\commons-digester-1.5.jar;C:\Documents and Settings\youjun\.m2\repository\hsqldb\hsqldb\1.7.1\hsqldb-1.7.1.jar;C:\Documents and Settings\youjun\.m2\repository\org\acegisecurity\acegi-security\1.0.1\acegi-security-1.0.1.jar;C:\Documents and Settings\youjun\.m2\repository\commons-codec\commons-codec\1.3\commons-codec-1.3.jar;C:\Documents and Settings\youjun\.m2\repository\oro\oro\2.0.8\oro-2.0.8.jar;C:\Documents and Settings\youjun\.m2\repository\springmodules\springmodules-validator\0.1\springmodules-validator-0.1.jar;C:\Documents and Settings\youjun\.m2\repository\commons-fileupload\commons-fileupload\1.2\commons-fileupload-1.2.jar;C:\Documents and Settings\youjun\.m2\repository\commons-io\commons-io\1.3\commons-io-1.3.jar;C:\Documents and Settings\youjun\.m2\repository\org\directwebremoting\dwr\2.0.rc2\dwr-2.0.rc2.jar;C:\Documents and Settings\youjun\.m2\repository\jmock\jmock\1.0.1\jmock-1.0.1.jar;C:\Documents and Settings\youjun\.m2\repository\javax\xml\soap\saaj-api\1.3\saaj-api-1.3.jar;C:\Documents and Settings\youjun\.m2\repository\zing\z3950\org\cql-java\1.0\cql-java-1.0.jar;C:\Documents and Settings\youjun\.m2\repository\org\cipres\treebase\treebase-core\1.0-SNAPSHOT\treebase-core-1.0-SNAPSHOT.jar;"/>
    <property name="env.ProgramFiles" value="C:\Program Files"/>
    <property name="env.PROCESSOR_REVISION" value="1706"/>
    <property name="java.io.tmpdir" value="C:\DOCUME~1\youjun\LOCALS~1\Temp\"/>
    <property name="java.vendor.url.bug" value="http://java.sun.com/cgi-bin/bugreport.cgi"/>
    <property name="env.SystemRoot" value="C:\WINDOWS"/>
    <property name="java.awt.graphicsenv" value="sun.awt.Win32GraphicsEnvironment"/>
    <property name="os.arch" value="x86"/>
    <property name="java.ext.dirs" value="C:\Program Files\Java\SDK\jdk\jre\lib\ext;C:\WINDOWS\Sun\Java\lib\ext"/>
    <property name="env.tvdumpflags" value="8"/>
    <property name="user.dir" value="C:\Documents and Settings\youjun\workspace\oai-pmh_data_provider\data_provider_web"/>
    <property name="line.separator" value="
"/>
    <property name="java.vm.name" value="Java HotSpot(TM) Client VM"/>
    <property name="env.PATHEXT" value=".COM;.EXE;.BAT;.CMD;.VBS;.VBE;.JS;.JSE;.WSF;.WSH"/>
    <property name="env.Path" value="C:\WINDOWS\system32;C:\WINDOWS;C:\WINDOWS\System32\Wbem;C:\Program Files\ATI Technologies\ATI.ACE\;C:\Program Files\Common Files\Roxio Shared\DLLShared\;C:\Program Files\Common Files\Roxio Shared\9.0\DLLShared\;C:\Program Files\Common Files\Adobe\AGL;C:\Program Files\MySQL\MySQL Server 5.0\bin;C:\Program Files\TortoiseSVN\bin;C:\Program Files\Java\SDK\bin"/>
    <property name="basedir" value="C:\Documents and Settings\youjun\workspace\oai-pmh_data_provider\data_provider_web"/>
    <property name="maven.mode.standalone" value="true"/>
    <property name="env.USERNAME" value="youjun"/>
    <property name="env.SystemDrive" value="C:"/>
    <property name="file.encoding" value="Cp1252"/>
    <property name="env.USERDOMAIN" value="NEWDELL"/>
    <property name="java.specification.version" value="1.6"/>
    <property name="env.PROCESSOR_LEVEL" value="6"/>
  </properties>
  <testcase time="0" classname="org.treebase.oai.web.command.IdentifyTest" name="testLoadIdentify"/>
</testsuite>